c:\users\bartosz sośnica\source\repos\zvki\project_inq_l\project_inq_l\x64\release\vc143.pdb
c:\users\bartosz sośnica\source\repos\zvki\project_inq_l\project_inq_l\x64\release\project_inq_l.obj
c:\users\bartosz sośnica\source\repos\zvki\project_inq_l\project_inq_l\x64\release\switchscreens.obj
c:\users\bartosz sośnica\source\repos\zvki\project_inq_l\project_inq_l\x64\release\skeleton.obj
c:\users\bartosz sośnica\source\repos\zvki\project_inq_l\project_inq_l\x64\release\player.obj
c:\users\bartosz sośnica\source\repos\zvki\project_inq_l\project_inq_l\x64\release\physics.obj
c:\users\bartosz sośnica\source\repos\zvki\project_inq_l\project_inq_l\x64\release\hub.obj
c:\users\bartosz sośnica\source\repos\zvki\project_inq_l\project_inq_l\x64\release\game.obj
c:\users\bartosz sośnica\source\repos\zvki\project_inq_l\project_inq_l\x64\release\enemymanager.obj
c:\users\bartosz sośnica\source\repos\zvki\project_inq_l\project_inq_l\x64\release\enemy.obj
c:\users\bartosz sośnica\source\repos\zvki\project_inq_l\project_inq_l\x64\release\anime.obj
c:\users\bartosz sośnica\source\repos\zvki\project_inq_l\project_inq_l\x64\release\tile.obj
c:\users\bartosz sośnica\source\repos\zvki\project_inq_l\project_inq_l\x64\release\playermanager.obj
c:\users\bartosz sośnica\source\repos\zvki\project_inq_l\x64\release\project_inq_l.exe
c:\users\bartosz sośnica\source\repos\zvki\project_inq_l\project_inq_l\x64\release\project_inq_l.ipdb
c:\users\bartosz sośnica\source\repos\zvki\project_inq_l\x64\release\project_inq_l.pdb
c:\users\bartosz sośnica\source\repos\zvki\project_inq_l\project_inq_l\x64\release\project_inq_l.iobj
c:\users\bartosz sośnica\source\repos\zvki\project_inq_l\project_inq_l\x64\release\project_inq_l.tlog\cl.command.1.tlog
c:\users\bartosz sośnica\source\repos\zvki\project_inq_l\project_inq_l\x64\release\project_inq_l.tlog\cl.items.tlog
c:\users\bartosz sośnica\source\repos\zvki\project_inq_l\project_inq_l\x64\release\project_inq_l.tlog\cl.read.1.tlog
c:\users\bartosz sośnica\source\repos\zvki\project_inq_l\project_inq_l\x64\release\project_inq_l.tlog\cl.write.1.tlog
c:\users\bartosz sośnica\source\repos\zvki\project_inq_l\project_inq_l\x64\release\project_inq_l.tlog\link.command.1.tlog
c:\users\bartosz sośnica\source\repos\zvki\project_inq_l\project_inq_l\x64\release\project_inq_l.tlog\link.read.1.tlog
c:\users\bartosz sośnica\source\repos\zvki\project_inq_l\project_inq_l\x64\release\project_inq_l.tlog\link.secondary.1.tlog
c:\users\bartosz sośnica\source\repos\zvki\project_inq_l\project_inq_l\x64\release\project_inq_l.tlog\link.write.1.tlog
